<?xml version="1.0" encoding="UTF-8"?>
<testsuite xmlns:xsi="http://www.w3.org/2001/XMLSchema-instance" xsi:noNamespaceSchemaLocation="https://maven.apache.org/surefire/maven-surefire-plugin/xsd/surefire-test-report.xsd" name="br.com.alura.languageapi.LanguageApiApplicationTests" time="8.606" tests="1" errors="0" skipped="0" failures="0">
  <properties>
    <property name="java.specification.version" value="17"/>
    <property name="sun.jnu.encoding" value="UTF-8"/>
    <property name="java.class.path" value="/home/andre/Documents/Alura/ImersaoJava/language-api/target/test-classes:/home/andre/Documents/Alura/ImersaoJava/language-api/target/classes:/home/andre/.m2/repository/org/springframework/boot/spring-boot-starter-web/3.0.0-M4/spring-boot-starter-web-3.0.0-M4.jar:/home/andre/.m2/repository/org/springframework/boot/spring-boot-starter/3.0.0-M4/spring-boot-starter-3.0.0-M4.jar:/home/andre/.m2/repository/org/springframework/boot/spring-boot/3.0.0-M4/spring-boot-3.0.0-M4.jar:/home/andre/.m2/repository/org/springframework/boot/spring-boot-autoconfigure/3.0.0-M4/spring-boot-autoconfigure-3.0.0-M4.jar:/home/andre/.m2/repository/org/springframework/boot/spring-boot-starter-logging/3.0.0-M4/spring-boot-starter-logging-3.0.0-M4.jar:/home/andre/.m2/repository/ch/qos/logback/logback-classic/1.2.11/logback-classic-1.2.11.jar:/home/andre/.m2/repository/ch/qos/logback/logback-core/1.2.11/logback-core-1.2.11.jar:/home/andre/.m2/repository/org/apache/logging/log4j/log4j-to-slf4j/2.18.0/log4j-to-slf4j-2.18.0.jar:/home/andre/.m2/repository/org/apache/logging/log4j/log4j-api/2.18.0/log4j-api-2.18.0.jar:/home/andre/.m2/repository/org/slf4j/jul-to-slf4j/1.7.36/jul-to-slf4j-1.7.36.jar:/home/andre/.m2/repository/jakarta/annotation/jakarta.annotation-api/2.0.0/jakarta.annotation-api-2.0.0.jar:/home/andre/.m2/repository/org/yaml/snakeyaml/1.30/snakeyaml-1.30.jar:/home/andre/.m2/repository/org/springframework/boot/spring-boot-starter-json/3.0.0-M4/spring-boot-starter-json-3.0.0-M4.jar:/home/andre/.m2/repository/com/fasterxml/jackson/core/jackson-databind/2.13.3/jackson-databind-2.13.3.jar:/home/andre/.m2/repository/com/fasterxml/jackson/core/jackson-annotations/2.13.3/jackson-annotations-2.13.3.jar:/home/andre/.m2/repository/com/fasterxml/jackson/core/jackson-core/2.13.3/jackson-core-2.13.3.jar:/home/andre/.m2/repository/com/fasterxml/jackson/datatype/jackson-datatype-jdk8/2.13.3/jackson-datatype-jdk8-2.13.3.jar:/home/andre/.m2/repository/com/fasterxml/jackson/datatype/jackson-datatype-jsr310/2.13.3/jackson-datatype-jsr310-2.13.3.jar:/home/andre/.m2/repository/com/fasterxml/jackson/module/jackson-module-parameter-names/2.13.3/jackson-module-parameter-names-2.13.3.jar:/home/andre/.m2/repository/org/springframework/boot/spring-boot-starter-tomcat/3.0.0-M4/spring-boot-starter-tomcat-3.0.0-M4.jar:/home/andre/.m2/repository/org/apache/tomcat/embed/tomcat-embed-core/10.0.22/tomcat-embed-core-10.0.22.jar:/home/andre/.m2/repository/org/apache/tomcat/embed/tomcat-embed-el/10.0.22/tomcat-embed-el-10.0.22.jar:/home/andre/.m2/repository/org/apache/tomcat/embed/tomcat-embed-websocket/10.0.22/tomcat-embed-websocket-10.0.22.jar:/home/andre/.m2/repository/org/springframework/spring-web/6.0.0-M5/spring-web-6.0.0-M5.jar:/home/andre/.m2/repository/org/springframework/spring-beans/6.0.0-M5/spring-beans-6.0.0-M5.jar:/home/andre/.m2/repository/org/springframework/spring-webmvc/6.0.0-M5/spring-webmvc-6.0.0-M5.jar:/home/andre/.m2/repository/org/springframework/spring-aop/6.0.0-M5/spring-aop-6.0.0-M5.jar:/home/andre/.m2/repository/org/springframework/spring-context/6.0.0-M5/spring-context-6.0.0-M5.jar:/home/andre/.m2/repository/org/springframework/spring-expression/6.0.0-M5/spring-expression-6.0.0-M5.jar:/home/andre/.m2/repository/org/springframework/boot/spring-boot-starter-test/3.0.0-M4/spring-boot-starter-test-3.0.0-M4.jar:/home/andre/.m2/repository/org/springframework/boot/spring-boot-test/3.0.0-M4/spring-boot-test-3.0.0-M4.jar:/home/andre/.m2/repository/org/springframework/boot/spring-boot-test-autoconfigure/3.0.0-M4/spring-boot-test-autoconfigure-3.0.0-M4.jar:/home/andre/.m2/repository/com/jayway/jsonpath/json-path/2.7.0/json-path-2.7.0.jar:/home/andre/.m2/repository/net/minidev/json-smart/2.4.8/json-smart-2.4.8.jar:/home/andre/.m2/repository/net/minidev/accessors-smart/2.4.8/accessors-smart-2.4.8.jar:/home/andre/.m2/repository/org/ow2/asm/asm/9.1/asm-9.1.jar:/home/andre/.m2/repository/org/slf4j/slf4j-api/1.7.36/slf4j-api-1.7.36.jar:/home/andre/.m2/repository/jakarta/xml/bind/jakarta.xml.bind-api/3.0.1/jakarta.xml.bind-api-3.0.1.jar:/home/andre/.m2/repository/com/sun/activation/jakarta.activation/2.0.1/jakarta.activation-2.0.1.jar:/home/andre/.m2/repository/org/assertj/assertj-core/3.23.1/assertj-core-3.23.1.jar:/home/andre/.m2/repository/net/bytebuddy/byte-buddy/1.12.12/byte-buddy-1.12.12.jar:/home/andre/.m2/repository/org/hamcrest/hamcrest/2.2/hamcrest-2.2.jar:/home/andre/.m2/repository/org/junit/jupiter/junit-jupiter/5.8.2/junit-jupiter-5.8.2.jar:/home/andre/.m2/repository/org/junit/jupiter/junit-jupiter-api/5.8.2/junit-jupiter-api-5.8.2.jar:/home/andre/.m2/repository/org/opentest4j/opentest4j/1.2.0/opentest4j-1.2.0.jar:/home/andre/.m2/repository/org/junit/platform/junit-platform-commons/1.8.2/junit-platform-commons-1.8.2.jar:/home/andre/.m2/repository/org/apiguardian/apiguardian-api/1.1.2/apiguardian-api-1.1.2.jar:/home/andre/.m2/repository/org/junit/jupiter/junit-jupiter-params/5.8.2/junit-jupiter-params-5.8.2.jar:/home/andre/.m2/repository/org/junit/jupiter/junit-jupiter-engine/5.8.2/junit-jupiter-engine-5.8.2.jar:/home/andre/.m2/repository/org/junit/platform/junit-platform-engine/1.8.2/junit-platform-engine-1.8.2.jar:/home/andre/.m2/repository/org/mockito/mockito-core/4.6.1/mockito-core-4.6.1.jar:/home/andre/.m2/repository/net/bytebuddy/byte-buddy-agent/1.12.12/byte-buddy-agent-1.12.12.jar:/home/andre/.m2/repository/org/objenesis/objenesis/3.2/objenesis-3.2.jar:/home/andre/.m2/repository/org/mockito/mockito-junit-jupiter/4.6.1/mockito-junit-jupiter-4.6.1.jar:/home/andre/.m2/repository/org/skyscreamer/jsonassert/1.5.1/jsonassert-1.5.1.jar:/home/andre/.m2/repository/com/vaadin/external/google/android-json/0.0.20131108.vaadin1/android-json-0.0.20131108.vaadin1.jar:/home/andre/.m2/repository/org/springframework/spring-core/6.0.0-M5/spring-core-6.0.0-M5.jar:/home/andre/.m2/repository/org/springframework/spring-jcl/6.0.0-M5/spring-jcl-6.0.0-M5.jar:/home/andre/.m2/repository/org/springframework/spring-test/6.0.0-M5/spring-test-6.0.0-M5.jar:/home/andre/.m2/repository/org/xmlunit/xmlunit-core/2.9.0/xmlunit-core-2.9.0.jar:/home/andre/.m2/repository/org/springframework/boot/spring-boot-starter-data-mongodb/3.0.0-M4/spring-boot-starter-data-mongodb-3.0.0-M4.jar:/home/andre/.m2/repository/org/mongodb/mongodb-driver-sync/4.7.0-beta0/mongodb-driver-sync-4.7.0-beta0.jar:/home/andre/.m2/repository/org/mongodb/bson/4.7.0-beta0/bson-4.7.0-beta0.jar:/home/andre/.m2/repository/org/mongodb/mongodb-driver-core/4.7.0-beta0/mongodb-driver-core-4.7.0-beta0.jar:/home/andre/.m2/repository/org/mongodb/bson-record-codec/4.7.0-beta0/bson-record-codec-4.7.0-beta0.jar:/home/andre/.m2/repository/org/springframework/data/spring-data-mongodb/4.0.0-M5/spring-data-mongodb-4.0.0-M5.jar:/home/andre/.m2/repository/org/springframework/spring-tx/6.0.0-M5/spring-tx-6.0.0-M5.jar:/home/andre/.m2/repository/org/springframework/data/spring-data-commons/3.0.0-M5/spring-data-commons-3.0.0-M5.jar:"/>
    <property name="java.vm.vendor" value="Oracle Corporation"/>
    <property name="sun.arch.data.model" value="64"/>
    <property name="java.vendor.url" value="https://openjdk.java.net/"/>
    <property name="os.name" value="Linux"/>
    <property name="java.vm.specification.version" value="17"/>
    <property name="sun.java.launcher" value="SUN_STANDARD"/>
    <property name="user.country" value="US"/>
    <property name="sun.boot.library.path" value="/usr/lib/jvm/java-17-openjdk/lib"/>
    <property name="sun.java.command" value="/home/andre/Documents/Alura/ImersaoJava/language-api/target/surefire/surefirebooter2344097097091994243.jar /home/andre/Documents/Alura/ImersaoJava/language-api/target/surefire 2022-07-22T22-29-24_899-jvmRun1 surefire15919126865664068390tmp surefire_01618379675703877291tmp"/>
    <property name="jdk.debug" value="release"/>
    <property name="surefire.test.class.path" value="/home/andre/Documents/Alura/ImersaoJava/language-api/target/test-classes:/home/andre/Documents/Alura/ImersaoJava/language-api/target/classes:/home/andre/.m2/repository/org/springframework/boot/spring-boot-starter-web/3.0.0-M4/spring-boot-starter-web-3.0.0-M4.jar:/home/andre/.m2/repository/org/springframework/boot/spring-boot-starter/3.0.0-M4/spring-boot-starter-3.0.0-M4.jar:/home/andre/.m2/repository/org/springframework/boot/spring-boot/3.0.0-M4/spring-boot-3.0.0-M4.jar:/home/andre/.m2/repository/org/springframework/boot/spring-boot-autoconfigure/3.0.0-M4/spring-boot-autoconfigure-3.0.0-M4.jar:/home/andre/.m2/repository/org/springframework/boot/spring-boot-starter-logging/3.0.0-M4/spring-boot-starter-logging-3.0.0-M4.jar:/home/andre/.m2/repository/ch/qos/logback/logback-classic/1.2.11/logback-classic-1.2.11.jar:/home/andre/.m2/repository/ch/qos/logback/logback-core/1.2.11/logback-core-1.2.11.jar:/home/andre/.m2/repository/org/apache/logging/log4j/log4j-to-slf4j/2.18.0/log4j-to-slf4j-2.18.0.jar:/home/andre/.m2/repository/org/apache/logging/log4j/log4j-api/2.18.0/log4j-api-2.18.0.jar:/home/andre/.m2/repository/org/slf4j/jul-to-slf4j/1.7.36/jul-to-slf4j-1.7.36.jar:/home/andre/.m2/repository/jakarta/annotation/jakarta.annotation-api/2.0.0/jakarta.annotation-api-2.0.0.jar:/home/andre/.m2/repository/org/yaml/snakeyaml/1.30/snakeyaml-1.30.jar:/home/andre/.m2/repository/org/springframework/boot/spring-boot-starter-json/3.0.0-M4/spring-boot-starter-json-3.0.0-M4.jar:/home/andre/.m2/repository/com/fasterxml/jackson/core/jackson-databind/2.13.3/jackson-databind-2.13.3.jar:/home/andre/.m2/repository/com/fasterxml/jackson/core/jackson-annotations/2.13.3/jackson-annotations-2.13.3.jar:/home/andre/.m2/repository/com/fasterxml/jackson/core/jackson-core/2.13.3/jackson-core-2.13.3.jar:/home/andre/.m2/repository/com/fasterxml/jackson/datatype/jackson-datatype-jdk8/2.13.3/jackson-datatype-jdk8-2.13.3.jar:/home/andre/.m2/repository/com/fasterxml/jackson/datatype/jackson-datatype-jsr310/2.13.3/jackson-datatype-jsr310-2.13.3.jar:/home/andre/.m2/repository/com/fasterxml/jackson/module/jackson-module-parameter-names/2.13.3/jackson-module-parameter-names-2.13.3.jar:/home/andre/.m2/repository/org/springframework/boot/spring-boot-starter-tomcat/3.0.0-M4/spring-boot-starter-tomcat-3.0.0-M4.jar:/home/andre/.m2/repository/org/apache/tomcat/embed/tomcat-embed-core/10.0.22/tomcat-embed-core-10.0.22.jar:/home/andre/.m2/repository/org/apache/tomcat/embed/tomcat-embed-el/10.0.22/tomcat-embed-el-10.0.22.jar:/home/andre/.m2/repository/org/apache/tomcat/embed/tomcat-embed-websocket/10.0.22/tomcat-embed-websocket-10.0.22.jar:/home/andre/.m2/repository/org/springframework/spring-web/6.0.0-M5/spring-web-6.0.0-M5.jar:/home/andre/.m2/repository/org/springframework/spring-beans/6.0.0-M5/spring-beans-6.0.0-M5.jar:/home/andre/.m2/repository/org/springframework/spring-webmvc/6.0.0-M5/spring-webmvc-6.0.0-M5.jar:/home/andre/.m2/repository/org/springframework/spring-aop/6.0.0-M5/spring-aop-6.0.0-M5.jar:/home/andre/.m2/repository/org/springframework/spring-context/6.0.0-M5/spring-context-6.0.0-M5.jar:/home/andre/.m2/repository/org/springframework/spring-expression/6.0.0-M5/spring-expression-6.0.0-M5.jar:/home/andre/.m2/repository/org/springframework/boot/spring-boot-starter-test/3.0.0-M4/spring-boot-starter-test-3.0.0-M4.jar:/home/andre/.m2/repository/org/springframework/boot/spring-boot-test/3.0.0-M4/spring-boot-test-3.0.0-M4.jar:/home/andre/.m2/repository/org/springframework/boot/spring-boot-test-autoconfigure/3.0.0-M4/spring-boot-test-autoconfigure-3.0.0-M4.jar:/home/andre/.m2/repository/com/jayway/jsonpath/json-path/2.7.0/json-path-2.7.0.jar:/home/andre/.m2/repository/net/minidev/json-smart/2.4.8/json-smart-2.4.8.jar:/home/andre/.m2/repository/net/minidev/accessors-smart/2.4.8/accessors-smart-2.4.8.jar:/home/andre/.m2/repository/org/ow2/asm/asm/9.1/asm-9.1.jar:/home/andre/.m2/repository/org/slf4j/slf4j-api/1.7.36/slf4j-api-1.7.36.jar:/home/andre/.m2/repository/jakarta/xml/bind/jakarta.xml.bind-api/3.0.1/jakarta.xml.bind-api-3.0.1.jar:/home/andre/.m2/repository/com/sun/activation/jakarta.activation/2.0.1/jakarta.activation-2.0.1.jar:/home/andre/.m2/repository/org/assertj/assertj-core/3.23.1/assertj-core-3.23.1.jar:/home/andre/.m2/repository/net/bytebuddy/byte-buddy/1.12.12/byte-buddy-1.12.12.jar:/home/andre/.m2/repository/org/hamcrest/hamcrest/2.2/hamcrest-2.2.jar:/home/andre/.m2/repository/org/junit/jupiter/junit-jupiter/5.8.2/junit-jupiter-5.8.2.jar:/home/andre/.m2/repository/org/junit/jupiter/junit-jupiter-api/5.8.2/junit-jupiter-api-5.8.2.jar:/home/andre/.m2/repository/org/opentest4j/opentest4j/1.2.0/opentest4j-1.2.0.jar:/home/andre/.m2/repository/org/junit/platform/junit-platform-commons/1.8.2/junit-platform-commons-1.8.2.jar:/home/andre/.m2/repository/org/apiguardian/apiguardian-api/1.1.2/apiguardian-api-1.1.2.jar:/home/andre/.m2/repository/org/junit/jupiter/junit-jupiter-params/5.8.2/junit-jupiter-params-5.8.2.jar:/home/andre/.m2/repository/org/junit/jupiter/junit-jupiter-engine/5.8.2/junit-jupiter-engine-5.8.2.jar:/home/andre/.m2/repository/org/junit/platform/junit-platform-engine/1.8.2/junit-platform-engine-1.8.2.jar:/home/andre/.m2/repository/org/mockito/mockito-core/4.6.1/mockito-core-4.6.1.jar:/home/andre/.m2/repository/net/bytebuddy/byte-buddy-agent/1.12.12/byte-buddy-agent-1.12.12.jar:/home/andre/.m2/repository/org/objenesis/objenesis/3.2/objenesis-3.2.jar:/home/andre/.m2/repository/org/mockito/mockito-junit-jupiter/4.6.1/mockito-junit-jupiter-4.6.1.jar:/home/andre/.m2/repository/org/skyscreamer/jsonassert/1.5.1/jsonassert-1.5.1.jar:/home/andre/.m2/repository/com/vaadin/external/google/android-json/0.0.20131108.vaadin1/android-json-0.0.20131108.vaadin1.jar:/home/andre/.m2/repository/org/springframework/spring-core/6.0.0-M5/spring-core-6.0.0-M5.jar:/home/andre/.m2/repository/org/springframework/spring-jcl/6.0.0-M5/spring-jcl-6.0.0-M5.jar:/home/andre/.m2/repository/org/springframework/spring-test/6.0.0-M5/spring-test-6.0.0-M5.jar:/home/andre/.m2/repository/org/xmlunit/xmlunit-core/2.9.0/xmlunit-core-2.9.0.jar:/home/andre/.m2/repository/org/springframework/boot/spring-boot-starter-data-mongodb/3.0.0-M4/spring-boot-starter-data-mongodb-3.0.0-M4.jar:/home/andre/.m2/repository/org/mongodb/mongodb-driver-sync/4.7.0-beta0/mongodb-driver-sync-4.7.0-beta0.jar:/home/andre/.m2/repository/org/mongodb/bson/4.7.0-beta0/bson-4.7.0-beta0.jar:/home/andre/.m2/repository/org/mongodb/mongodb-driver-core/4.7.0-beta0/mongodb-driver-core-4.7.0-beta0.jar:/home/andre/.m2/repository/org/mongodb/bson-record-codec/4.7.0-beta0/bson-record-codec-4.7.0-beta0.jar:/home/andre/.m2/repository/org/springframework/data/spring-data-mongodb/4.0.0-M5/spring-data-mongodb-4.0.0-M5.jar:/home/andre/.m2/repository/org/springframework/spring-tx/6.0.0-M5/spring-tx-6.0.0-M5.jar:/home/andre/.m2/repository/org/springframework/data/spring-data-commons/3.0.0-M5/spring-data-commons-3.0.0-M5.jar:"/>
    <property name="sun.cpu.endian" value="little"/>
    <property name="user.home" value="/home/andre"/>
    <property name="user.language" value="en"/>
    <property name="java.specification.vendor" value="Oracle Corporation"/>
    <property name="java.version.date" value="2022-04-19"/>
    <property name="java.home" value="/usr/lib/jvm/java-17-openjdk"/>
    <property name="file.separator" value="/"/>
    <property name="basedir" value="/home/andre/Documents/Alura/ImersaoJava/language-api"/>
    <property name="java.vm.compressedOopsMode" value="32-bit"/>
    <property name="line.separator" value="&#10;"/>
    <property name="java.vm.specification.vendor" value="Oracle Corporation"/>
    <property name="java.specification.name" value="Java Platform API Specification"/>
    <property name="surefire.real.class.path" value="/home/andre/Documents/Alura/ImersaoJava/language-api/target/surefire/surefirebooter2344097097091994243.jar"/>
    <property name="sun.management.compiler" value="HotSpot 64-Bit Tiered Compilers"/>
    <property name="java.runtime.version" value="17.0.3+7"/>
    <property name="user.name" value="andre"/>
    <property name="path.separator" value=":"/>
    <property name="os.version" value="5.15.55-1-MANJARO"/>
    <property name="java.runtime.name" value="OpenJDK Runtime Environment"/>
    <property name="file.encoding" value="UTF-8"/>
    <property name="java.vm.name" value="OpenJDK 64-Bit Server VM"/>
    <property name="localRepository" value="/home/andre/.m2/repository"/>
    <property name="java.vendor.url.bug" value="https://bugreport.java.com/bugreport/"/>
    <property name="java.io.tmpdir" value="/tmp"/>
    <property name="java.version" value="17.0.3"/>
    <property name="user.dir" value="/home/andre/Documents/Alura/ImersaoJava/language-api"/>
    <property name="os.arch" value="amd64"/>
    <property name="java.vm.specification.name" value="Java Virtual Machine Specification"/>
    <property name="native.encoding" value="UTF-8"/>
    <property name="java.library.path" value="/usr/java/packages/lib:/usr/lib64:/lib64:/lib:/usr/lib"/>
    <property name="java.vm.info" value="mixed mode"/>
    <property name="java.vendor" value="N/A"/>
    <property name="java.vm.version" value="17.0.3+7"/>
    <property name="sun.io.unicode.encoding" value="UnicodeLittle"/>
    <property name="java.class.version" value="61.0"/>
  </properties>
  <testcase name="contextLoads" classname="br.com.alura.languageapi.LanguageApiApplicationTests" time="0.862"/>
</testsuite>